  UIImage.cpp
  GameState.cpp
  PlaceBuildingEvent.cpp
  StartBuildEvent.cpp
  TargetFoundEvent.cpp
  BuildingState.cpp
  AssetManager.cpp
  EngineGlobal.cpp
  game.cpp
  GameObject.cpp
  Level.cpp
  GameLevel.cpp
  MainMenu.cpp
  Mob.cpp
  Style.cpp
  TowerIdleState.cpp
  GameFSM.cpp
  PlayingState.cpp
  surface.cpp
  TargetLostEvent.cpp
  Generating Code...
  Compiling...
  template.cpp
  UIButton.cpp
  UIContainer.cpp
  UIElement.cpp
  UIHelpers.cpp
  UIText.cpp
  Tower.cpp
  TowerAtackingState.cpp
  TowerFSM.cpp
  TowerState.cpp
  UIModal.cpp
  Generating Code...
  tmpl_2019-08.vcxproj -> H:\Studies\Intake\AntDefence\tmpl_2019-08_x64_debug.exe
