h:\studies\intake\antdefence\release\vc142.pdb
h:\studies\intake\antdefence\release\targetlostevent.obj
h:\studies\intake\antdefence\release\surface.obj
h:\studies\intake\antdefence\release\playingstate.obj
h:\studies\intake\antdefence\release\gamefsm.obj
h:\studies\intake\antdefence\release\toweridlestate.obj
h:\studies\intake\antdefence\release\style.obj
h:\studies\intake\antdefence\release\mob.obj
h:\studies\intake\antdefence\release\mainmenu.obj
h:\studies\intake\antdefence\release\gamelevel.obj
h:\studies\intake\antdefence\release\level.obj
h:\studies\intake\antdefence\release\gameobject.obj
h:\studies\intake\antdefence\release\game.obj
h:\studies\intake\antdefence\release\engineglobal.obj
h:\studies\intake\antdefence\release\assetmanager.obj
h:\studies\intake\antdefence\release\buildingstate.obj
h:\studies\intake\antdefence\release\targetfoundevent.obj
h:\studies\intake\antdefence\release\startbuildevent.obj
h:\studies\intake\antdefence\release\placebuildingevent.obj
h:\studies\intake\antdefence\release\gamestate.obj
h:\studies\intake\antdefence\release\uiimage.obj
h:\studies\intake\antdefence\release\uimodal.obj
h:\studies\intake\antdefence\release\towerstate.obj
h:\studies\intake\antdefence\release\towerfsm.obj
h:\studies\intake\antdefence\release\toweratackingstate.obj
h:\studies\intake\antdefence\release\tower.obj
h:\studies\intake\antdefence\release\uitext.obj
h:\studies\intake\antdefence\release\uihelpers.obj
h:\studies\intake\antdefence\release\uielement.obj
h:\studies\intake\antdefence\release\uicontainer.obj
h:\studies\intake\antdefence\release\uibutton.obj
h:\studies\intake\antdefence\release\template.obj
h:\studies\intake\antdefence\tmpl_2019-08_x64.exe
h:\studies\intake\antdefence\tmpl_2019-08_x64.pdb
h:\studies\intake\antdefence\release\tmpl_2019-08.tlog\cl.read.1.tlog
h:\studies\intake\antdefence\release\tmpl_2019-08.tlog\cl.write.1.tlog
h:\studies\intake\antdefence\release\tmpl_2019-08.tlog\cl.command.1.tlog
h:\studies\intake\antdefence\release\tmpl_2019-08.tlog\link.read.1.tlog
h:\studies\intake\antdefence\release\tmpl_2019-08.tlog\link.write.1.tlog
h:\studies\intake\antdefence\release\tmpl_2019-08.tlog\link.command.1.tlog
